=/pretest.json
{
  _: [],
  f: [
    '/home/runner/work/exp-roots-of-equation-convergence-and-computation-time-iitb/exp-roots-of-equation-convergence-and-computation-time-iitb/experiment/pretest.json'
  ],
  files: [
    '/home/runner/work/exp-roots-of-equation-convergence-and-computation-time-iitb/exp-roots-of-equation-convergence-and-computation-time-iitb/experiment/pretest.json'
  ],
  c: 'assessment',
  contentTypes: 'assessment',
  'content-types': 'assessment',
  '$0': 'validate'
}
Validated true
=/posttest.json
{
  _: [],
  f: [
    '/home/runner/work/exp-roots-of-equation-convergence-and-computation-time-iitb/exp-roots-of-equation-convergence-and-computation-time-iitb/experiment/posttest.json'
  ],
  files: [
    '/home/runner/work/exp-roots-of-equation-convergence-and-computation-time-iitb/exp-roots-of-equation-convergence-and-computation-time-iitb/experiment/posttest.json'
  ],
  c: 'assessment',
  contentTypes: 'assessment',
  'content-types': 'assessment',
  '$0': 'validate'
}
Validated true
